<?xml version="1.0" encoding="utf-8"?><testsuites name="pytest tests"><testsuite name="pytest" errors="0" failures="0" skipped="0" tests="19" time="4.293" timestamp="2026-05-01T23:36:07.509578+00:00" hostname="agent-env-d1160c02-3a64-422b-85f4-2796d9322e4d"><testcase classname="backend.tests.backend_test" name="test_root" time="0.710" /><testcase classname="backend.tests.backend_test" name="test_get_subjects" time="0.038" /><testcase classname="backend.tests.backend_test" name="test_search_subjects" time="0.077" /><testcase classname="backend.tests.backend_test" name="test_upload_and_processing" time="0.219" /><testcase classname="backend.tests.backend_test" name="test_upload_invalid_file" time="0.071" /><testcase classname="backend.tests.backend_test" name="test_get_schedule" time="0.132" /><testcase classname="backend.tests.backend_test" name="test_get_schedule_not_found" time="0.072" /><testcase classname="backend.tests.backend_test" name="test_get_schedules_list" time="0.905" /><testcase classname="backend.tests.backend_test" name="test_update_block" time="0.363" /><testcase classname="backend.tests.backend_test" name="test_update_block_not_found" time="0.085" /><testcase classname="backend.tests.backend_test" name="test_export" time="0.037" /><testcase classname="backend.tests.backend_test" name="test_delete_block" time="0.343" /><testcase classname="backend.tests.backend_test" name="test_delete_block_not_found" time="0.076" /><testcase classname="backend.tests.backend_test" name="test_update_block_horarios_persistence" time="0.298" /><testcase classname="backend.tests.backend_test" name="test_update_block_horarios_empty_array" time="0.169" /><testcase classname="backend.tests.backend_test" name="test_update_block_horarios_not_found" time="0.074" /><testcase classname="backend.tests.backend_test" name="test_search_in_schedule" time="0.056" /><testcase classname="backend.tests.backend_test" name="test_search_too_short_query" time="0.075" /><testcase classname="backend.tests.backend_test" name="test_move_block" time="0.298" /></testsuite></testsuites>