<?xml version="1.0" encoding="utf-8"?><testsuites name="pytest tests"><testsuite name="pytest" errors="0" failures="0" skipped="0" tests="13" time="13.232" timestamp="2026-05-01T21:10:45.650313+00:00" hostname="agent-env-d1160c02-3a64-422b-85f4-2796d9322e4d"><testcase classname="backend.tests.backend_test" name="test_root" time="1.820" /><testcase classname="backend.tests.backend_test" name="test_get_subjects" time="0.596" /><testcase classname="backend.tests.backend_test" name="test_search_subjects" time="0.644" /><testcase classname="backend.tests.backend_test" name="test_upload_and_processing" time="0.957" /><testcase classname="backend.tests.backend_test" name="test_upload_invalid_file" time="0.595" /><testcase classname="backend.tests.backend_test" name="test_get_schedule" time="0.817" /><testcase classname="backend.tests.backend_test" name="test_get_schedule_not_found" time="0.650" /><testcase classname="backend.tests.backend_test" name="test_get_schedules_list" time="1.052" /><testcase classname="backend.tests.backend_test" name="test_update_block" time="1.890" /><testcase classname="backend.tests.backend_test" name="test_update_block_not_found" time="0.625" /><testcase classname="backend.tests.backend_test" name="test_export" time="0.619" /><testcase classname="backend.tests.backend_test" name="test_delete_block" time="2.245" /><testcase classname="backend.tests.backend_test" name="test_delete_block_not_found" time="0.644" /></testsuite></testsuites>